2013/07/19 16:47:41 [error] [exception.CException] exception 'CException' with message 'Alias "bootstrap.widgets.TbNavbar" es inválido. Verifique que el mismo apunta a un directorio o archivo exisitente.' in C:\xampp\htdocs\Etelix_RENOC\src\web\yii\framework\YiiBase.php:341
Stack trace:
#0 C:\xampp\htdocs\Etelix_RENOC\src\web\yii\framework\web\CWidgetFactory.php(146): YiiBase::import('bootstrap.widge...', true)
#1 C:\xampp\htdocs\Etelix_RENOC\src\web\yii\framework\web\CBaseController.php(146): CWidgetFactory->createWidget(Object(SiteController), 'bootstrap.widge...', Array)
#2 C:\xampp\htdocs\Etelix_RENOC\src\web\yii\framework\web\CBaseController.php(172): CBaseController->createWidget('bootstrap.widge...', Array)
#3 C:\xampp\htdocs\Etelix_RENOC\src\web\protected\views\layouts\main.php(83): CBaseController->widget('bootstrap.widge...', Array)
#4 C:\xampp\htdocs\Etelix_RENOC\src\web\yii\framework\web\CBaseController.php(126): require('C:\xampp\htdocs...')
#5 C:\xampp\htdocs\Etelix_RENOC\src\web\yii\framework\web\CBaseController.php(95): CBaseController->renderInternal('C:\xampp\htdocs...', Array, true)
#6 C:\xampp\htdocs\Etelix_RENOC\src\web\yii\framework\web\widgets\CContentDecorator.php(76): CBaseController->renderFile('C:\xampp\htdocs...', Array, true)
#7 C:\xampp\htdocs\Etelix_RENOC\src\web\yii\framework\web\widgets\CContentDecorator.php(54): CContentDecorator->decorate('<div id="conten...')
#8 C:\xampp\htdocs\Etelix_RENOC\src\web\yii\framework\web\widgets\COutputProcessor.php(44): CContentDecorator->processOutput('<div id="conten...')
#9 C:\xampp\htdocs\Etelix_RENOC\src\web\yii\framework\web\CBaseController.php(206): COutputProcessor->run()
#10 C:\xampp\htdocs\Etelix_RENOC\src\web\yii\framework\web\CBaseController.php(300): CBaseController->endWidget('CContentDecorat...')
#11 C:\xampp\htdocs\Etelix_RENOC\src\web\protected\views\layouts\column1.php(6): CBaseController->endContent()
#12 C:\xampp\htdocs\Etelix_RENOC\src\web\yii\framework\web\CBaseController.php(126): require('C:\xampp\htdocs...')
#13 C:\xampp\htdocs\Etelix_RENOC\src\web\yii\framework\web\CBaseController.php(95): CBaseController->renderInternal('C:\xampp\htdocs...', Array, true)
#14 C:\xampp\htdocs\Etelix_RENOC\src\web\yii\framework\web\CController.php(784): CBaseController->renderFile('C:\xampp\htdocs...', Array, true)
#15 C:\xampp\htdocs\Etelix_RENOC\src\web\protected\controllers\SiteController.php(72): CController->render('contact', Array)
#16 C:\xampp\htdocs\Etelix_RENOC\src\web\yii\framework\web\actions\CInlineAction.php(49): SiteController->actionContact()
#17 C:\xampp\htdocs\Etelix_RENOC\src\web\yii\framework\web\CController.php(308): CInlineAction->runWithParams(Array)
#18 C:\xampp\htdocs\Etelix_RENOC\src\web\yii\framework\web\CController.php(286): CController->runAction(Object(CInlineAction))
#19 C:\xampp\htdocs\Etelix_RENOC\src\web\yii\framework\web\CController.php(265): CController->runActionWithFilters(Object(CInlineAction), Array)
#20 C:\xampp\htdocs\Etelix_RENOC\src\web\yii\framework\web\CWebApplication.php(282): CController->run('contact')
#21 C:\xampp\htdocs\Etelix_RENOC\src\web\yii\framework\web\CWebApplication.php(141): CWebApplication->runController('site/contact')
#22 C:\xampp\htdocs\Etelix_RENOC\src\web\yii\framework\base\CApplication.php(169): CWebApplication->processRequest()
#23 C:\xampp\htdocs\Etelix_RENOC\src\web\index.php(13): CApplication->run()
#24 {main}
REQUEST_URI=/index.php?r=site/contact
HTTP_REFERER=http://renoc.local/index.php?r=site/page&view=about
---
